<?xml version="1.0" encoding="UTF-8"?>
<testsuite xmlns:xsi="http://www.w3.org/2001/XMLSchema-instance" xsi:noNamespaceSchemaLocation="https://maven.apache.org/surefire/maven-surefire-plugin/xsd/surefire-test-report-3.0.xsd" version="3.0" name="medipass.gateway.GatewayApplicationTests" time="22.12" tests="1" errors="0" skipped="0" failures="0">
  <properties>
[...]
</properties>
  <testcase name="contextLoads" classname="medipass.gateway.GatewayApplicationTests" time="2.929">
    <system-out><![CDATA[15:40:20.255 [main] INFO org.springframework.test.context.support.AnnotationConfigContextLoaderUtils -- Could not detect default configuration classes for test class [medipass.gateway.GatewayApplicationTests]: GatewayApplicationTests does not declare any static, non-private, non-final, nested classes annotated with @Configuration.
15:40:20.558 [main] INFO org.springframework.boot.test.context.SpringBootTestContextBootstrapper -- Found @SpringBootConfiguration medipass.gateway.ApiGatewayApplication for test class medipass.gateway.GatewayApplicationTests

  .   ____          _            __ _ _
 /\\ / ___'_ __ _ _(_)_ __  __ _ \ \ \ \
( ( )\___ | '_ | '_| | '_ \/ _` | \ \ \ \
 \\/  ___)| |_)| | | | | || (_| |  ) ) ) )
  '  |____| .__|_| |_|_| |_\__, | / / / /
 =========|_|==============|___/=/_/_/_/

 :: Spring Boot ::                (v3.3.5)

2026-06-22T15:40:23.149+02:00  INFO 15704 --- [api-gateway] [           main] m.gateway.GatewayApplicationTests        : Starting GatewayApplicationTests using Java 21.0.6 with PID 15704 (started by user in C:\Users\user\Downloads\github\MiqorAI-git\MiqorAI\backend\api-gateway)
2026-06-22T15:40:23.153+02:00  INFO 15704 --- [api-gateway] [           main] m.gateway.GatewayApplicationTests        : No active profile set, falling back to 1 default profile: "default"
2026-06-22T15:40:29.133+02:00  INFO 15704 --- [api-gateway] [           main] o.s.cloud.context.scope.GenericScope     : BeanFactory id=59390753-0174-316a-a4d2-f5309429c895
2026-06-22T15:40:32.353+02:00  INFO 15704 --- [api-gateway] [           main] o.s.cloud.commons.util.InetUtils         : Cannot determine local hostname
2026-06-22T15:40:34.895+02:00  INFO 15704 --- [api-gateway] [           main] o.s.c.g.r.RouteDefinitionRouteLocator    : Loaded RoutePredicateFactory [After]
2026-06-22T15:40:34.895+02:00  INFO 15704 --- [api-gateway] [           main] o.s.c.g.r.RouteDefinitionRouteLocator    : Loaded RoutePredicateFactory [Before]
2026-06-22T15:40:34.895+02:00  INFO 15704 --- [api-gateway] [           main] o.s.c.g.r.RouteDefinitionRouteLocator    : Loaded RoutePredicateFactory [Between]
2026-06-22T15:40:34.895+02:00  INFO 15704 --- [api-gateway] [           main] o.s.c.g.r.RouteDefinitionRouteLocator    : Loaded RoutePredicateFactory [Cookie]
2026-06-22T15:40:34.895+02:00  INFO 15704 --- [api-gateway] [           main] o.s.c.g.r.RouteDefinitionRouteLocator    : Loaded RoutePredicateFactory [Header]
2026-06-22T15:40:34.903+02:00  INFO 15704 --- [api-gateway] [           main] o.s.c.g.r.RouteDefinitionRouteLocator    : Loaded RoutePredicateFactory [Host]
2026-06-22T15:40:34.903+02:00  INFO 15704 --- [api-gateway] [           main] o.s.c.g.r.RouteDefinitionRouteLocator    : Loaded RoutePredicateFactory [Method]
2026-06-22T15:40:34.903+02:00  INFO 15704 --- [api-gateway] [           main] o.s.c.g.r.RouteDefinitionRouteLocator    : Loaded RoutePredicateFactory [Path]
2026-06-22T15:40:34.904+02:00  INFO 15704 --- [api-gateway] [           main] o.s.c.g.r.RouteDefinitionRouteLocator    : Loaded RoutePredicateFactory [Query]
2026-06-22T15:40:34.904+02:00  INFO 15704 --- [api-gateway] [           main] o.s.c.g.r.RouteDefinitionRouteLocator    : Loaded RoutePredicateFactory [ReadBody]
2026-06-22T15:40:34.904+02:00  INFO 15704 --- [api-gateway] [           main] o.s.c.g.r.RouteDefinitionRouteLocator    : Loaded RoutePredicateFactory [RemoteAddr]
2026-06-22T15:40:34.904+02:00  INFO 15704 --- [api-gateway] [           main] o.s.c.g.r.RouteDefinitionRouteLocator    : Loaded RoutePredicateFactory [XForwardedRemoteAddr]
2026-06-22T15:40:34.904+02:00  INFO 15704 --- [api-gateway] [           main] o.s.c.g.r.RouteDefinitionRouteLocator    : Loaded RoutePredicateFactory [Weight]
2026-06-22T15:40:34.904+02:00  INFO 15704 --- [api-gateway] [           main] o.s.c.g.r.RouteDefinitionRouteLocator    : Loaded RoutePredicateFactory [CloudFoundryRouteService]
2026-06-22T15:40:37.126+02:00  INFO 15704 --- [api-gateway] [           main] o.s.cloud.commons.util.InetUtils         : Cannot determine local hostname
2026-06-22T15:40:37.337+02:00  INFO 15704 --- [api-gateway] [           main] o.s.b.a.e.web.EndpointLinksResolver      : Exposing 2 endpoints beneath base path '/actuator'
2026-06-22T15:40:38.994+02:00  INFO 15704 --- [api-gateway] [           main] m.gateway.GatewayApplicationTests        : Started GatewayApplicationTests in 18.115 seconds (process running for 20.537)
]]></system-out>
    <system-err><![CDATA[WARNING: A Java agent has been loaded dynamically (C:\Users\user\.m2\repository\net\bytebuddy\byte-buddy-agent\1.14.19\byte-buddy-agent-1.14.19.jar)
WARNING: If a serviceability tool is in use, please run with -XX:+EnableDynamicAgentLoading to hide this warning
WARNING: If a serviceability tool is not in use, please run with -Djdk.instrument.traceUsage for more information
WARNING: Dynamic loading of agents will be disallowed by default in a future release
]]></system-err>
  </testcase>
</testsuite>