<?xml version="1.0" encoding="UTF-8"?>
<testsuite xmlns:xsi="http://www.w3.org/2001/XMLSchema-instance" xsi:noNamespaceSchemaLocation="https://maven.apache.org/surefire/maven-surefire-plugin/xsd/surefire-test-report-3.0.xsd" version="3.0" name="medipass.app.patient.controller.PatientControllerIntegrationTest" time="43.381" tests="2" errors="0" skipped="0" failures="0">
  <properties>
[...]
</properties>
  <testcase name="registerAndRetrievePatient" classname="medipass.app.patient.controller.PatientControllerIntegrationTest" time="4.92">
    <system-out><![CDATA[15:38:10.805 [main] INFO org.springframework.test.context.support.AnnotationConfigContextLoaderUtils -- Could not detect default configuration classes for test class [medipass.app.patient.controller.PatientControllerIntegrationTest]: PatientControllerIntegrationTest does not declare any static, non-private, non-final, nested classes annotated with @Configuration.
15:38:11.175 [main] INFO org.springframework.boot.test.context.SpringBootTestContextBootstrapper -- Found @SpringBootConfiguration medipass.app.patient.PatientServiceApplication for test class medipass.app.patient.controller.PatientControllerIntegrationTest

  .   ____          _            __ _ _
 /\\ / ___'_ __ _ _(_)_ __  __ _ \ \ \ \
( ( )\___ | '_ | '_| | '_ \/ _` | \ \ \ \
 \\/  ___)| |_)| | | | | || (_| |  ) ) ) )
  '  |____| .__|_| |_|_| |_\__, | / / / /
 =========|_|==============|___/=/_/_/_/

 :: Spring Boot ::                (v3.3.5)

2026-06-22T15:38:12.805+02:00  INFO 4528 --- [patient-service] [           main] m.a.p.c.PatientControllerIntegrationTest : Starting PatientControllerIntegrationTest using Java 21.0.6 with PID 4528 (started by user in C:\Users\user\Downloads\github\MiqorAI-git\MiqorAI\backend\patient-service)
2026-06-22T15:38:12.805+02:00  INFO 4528 --- [patient-service] [           main] m.a.p.c.PatientControllerIntegrationTest : The following 1 profile is active: "test"
2026-06-22T15:38:17.395+02:00  INFO 4528 --- [patient-service] [           main] .s.d.r.c.RepositoryConfigurationDelegate : Bootstrapping Spring Data JPA repositories in DEFAULT mode.
2026-06-22T15:38:17.596+02:00  INFO 4528 --- [patient-service] [           main] .s.d.r.c.RepositoryConfigurationDelegate : Finished Spring Data repository scanning in 170 ms. Found 3 JPA repository interfaces.
2026-06-22T15:38:23.991+02:00  INFO 4528 --- [patient-service] [           main] com.zaxxer.hikari.HikariDataSource       : HikariPool-1 - Starting...
2026-06-22T15:38:25.029+02:00  INFO 4528 --- [patient-service] [           main] com.zaxxer.hikari.pool.HikariPool        : HikariPool-1 - Added connection conn0: url=jdbc:h2:mem:patient_test user=SA
2026-06-22T15:38:25.041+02:00  INFO 4528 --- [patient-service] [           main] com.zaxxer.hikari.HikariDataSource       : HikariPool-1 - Start completed.
2026-06-22T15:38:25.691+02:00  INFO 4528 --- [patient-service] [           main] o.hibernate.jpa.internal.util.LogHelper  : HHH000204: Processing PersistenceUnitInfo [name: default]
2026-06-22T15:38:26.165+02:00  INFO 4528 --- [patient-service] [           main] org.hibernate.Version                    : HHH000412: Hibernate ORM core version 6.5.3.Final
2026-06-22T15:38:26.421+02:00  INFO 4528 --- [patient-service] [           main] o.h.c.internal.RegionFactoryInitiator    : HHH000026: Second-level cache disabled
2026-06-22T15:38:28.295+02:00  INFO 4528 --- [patient-service] [           main] o.s.o.j.p.SpringPersistenceUnitInfo      : No LoadTimeWeaver setup: ignoring JPA class transformer
2026-06-22T15:38:32.972+02:00  INFO 4528 --- [patient-service] [           main] o.h.e.t.j.p.i.JtaPlatformInitiator       : HHH000489: No JTA platform available (set 'hibernate.transaction.jta.platform' to enable JTA platform integration)
2026-06-22T15:38:33.151+02:00  INFO 4528 --- [patient-service] [           main] j.LocalContainerEntityManagerFactoryBean : Initialized JPA EntityManagerFactory for persistence unit 'default'
2026-06-22T15:38:35.469+02:00  INFO 4528 --- [patient-service] [           main] o.s.d.j.r.query.QueryEnhancerFactory     : Hibernate is in classpath; If applicable, HQL parser will be used.
2026-06-22T15:38:39.447+02:00  WARN 4528 --- [patient-service] [           main] .s.s.UserDetailsServiceAutoConfiguration : 

Using generated security password: 43a8b6be-c763-4062-813b-ebd79d3956cd

This generated password is for development use only. Your security configuration must be updated before running your application in production.

2026-06-22T15:38:39.560+02:00  INFO 4528 --- [patient-service] [           main] r$InitializeUserDetailsManagerConfigurer : Global AuthenticationManager configured with UserDetailsService bean with name inMemoryUserDetailsManager
2026-06-22T15:38:43.305+02:00  INFO 4528 --- [patient-service] [           main] o.s.b.a.e.web.EndpointLinksResolver      : Exposing 2 endpoints beneath base path '/actuator'
2026-06-22T15:38:47.895+02:00  INFO 4528 --- [patient-service] [           main] o.s.b.t.m.w.SpringBootMockServletContext : Initializing Spring TestDispatcherServlet ''
2026-06-22T15:38:47.899+02:00  INFO 4528 --- [patient-service] [           main] o.s.t.web.servlet.TestDispatcherServlet  : Initializing Servlet ''
2026-06-22T15:38:47.907+02:00  INFO 4528 --- [patient-service] [           main] o.s.t.web.servlet.TestDispatcherServlet  : Completed initialization in 8 ms
2026-06-22T15:38:48.251+02:00  INFO 4528 --- [patient-service] [           main] m.a.p.c.PatientControllerIntegrationTest : Started PatientControllerIntegrationTest in 36.692 seconds (process running for 39.25)
2026-06-22T15:38:53.007+02:00  INFO 4528 --- [patient-service] [           main] m.app.patient.service.PatientService     : Patient registered with id=3db3f88f-9162-409e-a371-6fa9d3803479
]]></system-out>
    <system-err><![CDATA[WARNING: A Java agent has been loaded dynamically (C:\Users\user\.m2\repository\net\bytebuddy\byte-buddy-agent\1.14.19\byte-buddy-agent-1.14.19.jar)
WARNING: If a serviceability tool is in use, please run with -XX:+EnableDynamicAgentLoading to hide this warning
WARNING: If a serviceability tool is not in use, please run with -Djdk.instrument.traceUsage for more information
WARNING: Dynamic loading of agents will be disallowed by default in a future release
]]></system-err>
  </testcase>
  <testcase name="unauthenticatedRequestIsRejected" classname="medipass.app.patient.controller.PatientControllerIntegrationTest" time="0.1"/>
</testsuite>