<?xml version="1.0" encoding="UTF-8"?>
<testsuite xmlns:xsi="http://www.w3.org/2001/XMLSchema-instance" xsi:noNamespaceSchemaLocation="https://maven.apache.org/surefire/maven-surefire-plugin/xsd/surefire-test-report-3.0.xsd" version="3.0" name="medipass.common.security.JwtTokenServiceTest" time="0.98" tests="3" errors="0" skipped="0" failures="0">
  <properties>
[...]
</properties>
  <testcase name="generateAccessToken_extractsUsernameAndRole" classname="medipass.common.security.JwtTokenServiceTest" time="0.897"/>
  <testcase name="validateToken_rejectsMalformedToken" classname="medipass.common.security.JwtTokenServiceTest" time="0.018">
    <system-out><![CDATA[15:36:31.589 [main] WARN medipass.common.security.JwtTokenService -- JWT token validation failed: Invalid compact JWT string: Compact JWSs must contain exactly 2 period characters, and compact JWEs must contain exactly 4.  Found: 0
]]></system-out>
  </testcase>
  <testcase name="generateRefreshToken_hasNoRole" classname="medipass.common.security.JwtTokenServiceTest" time="0.004"/>
</testsuite>